This file contains any messages produced by compilers while
running configure, to aid debugging if configure makes a mistake.

It was created by gnutrition configure 0.4, which was
generated by GNU Autoconf 2.63.  Invocation command line was

  $ ./configure 

## --------- ##
## Platform. ##
## --------- ##

hostname = TK-laptop
uname -m = i686
uname -r = 2.6.32-35-generic
uname -s = Linux
uname -v = #78-Ubuntu SMP Tue Oct 11 15:27:15 UTC 2011

/usr/bin/uname -p = unknown
/bin/uname -X     = unknown

/bin/arch              = unknown
/usr/bin/arch -k       = unknown
/usr/convex/getsysinfo = unknown
/usr/bin/hostinfo      = unknown
/bin/machine           = unknown
/usr/bin/oslevel       = unknown
/bin/universe          = unknown

PATH: /home/terah/netbeans-7.0.1/bin/netbeans
PATH: /home/terah/eclipse/eclipse
PATH: /usr/local/sbin
PATH: /usr/local/bin
PATH: /usr/sbin
PATH: /usr/bin
PATH: /sbin
PATH: /bin
PATH: /usr/games


## ----------- ##
## Core tests. ##
## ----------- ##

configure:2136: checking for a BSD-compatible install
configure:2204: result: /usr/bin/install -c
configure:2215: checking whether build environment is sane
configure:2275: result: yes
configure:2303: WARNING: `missing' script is too old or missing
configure:2416: checking for a thread-safe mkdir -p
configure:2455: result: /bin/mkdir -p
configure:2468: checking for gawk
configure:2484: found /usr/bin/gawk
configure:2495: result: gawk
configure:2506: checking whether make sets $(MAKE)
configure:2528: result: yes
configure:2613: checking whether to enable maintainer-specific portions of Makefiles
configure:2622: result: no
configure:2648: checking for style of include used by make
configure:2676: result: GNU
configure:2746: checking for gcc
configure:2762: found /usr/bin/gcc
configure:2773: result: gcc
configure:3005: checking for C compiler version
configure:3013: gcc --version >&5
gcc (Ubuntu 4.4.3-4ubuntu5) 4.4.3
Copyright (C) 2009 Free Software Foundation, Inc.
This is free software; see the source for copying conditions.  There is NO
warranty; not even for MERCHANTABILITY or FITNESS FOR A PARTICULAR PURPOSE.

configure:3017: $? = 0
configure:3024: gcc -v >&5
Using built-in specs.
Target: i486-linux-gnu
Configured with: ../src/configure -v --with-pkgversion='Ubuntu 4.4.3-4ubuntu5' --with-bugurl=file:///usr/share/doc/gcc-4.4/README.Bugs --enable-languages=c,c++,fortran,objc,obj-c++ --prefix=/usr --enable-shared --enable-multiarch --enable-linker-build-id --with-system-zlib --libexecdir=/usr/lib --without-included-gettext --enable-threads=posix --with-gxx-include-dir=/usr/include/c++/4.4 --program-suffix=-4.4 --enable-nls --enable-clocale=gnu --enable-libstdcxx-debug --enable-plugin --enable-objc-gc --enable-targets=all --disable-werror --with-arch-32=i486 --with-tune=generic --enable-checking=release --build=i486-linux-gnu --host=i486-linux-gnu --target=i486-linux-gnu
Thread model: posix
gcc version 4.4.3 (Ubuntu 4.4.3-4ubuntu5) 
configure:3028: $? = 0
configure:3035: gcc -V >&5
gcc: '-V' option must have argument
configure:3039: $? = 1
configure:3062: checking for C compiler default output file name
configure:3084: gcc    conftest.c  >&5
configure:3088: $? = 0
configure:3126: result: a.out
configure:3145: checking whether the C compiler works
configure:3155: ./a.out
configure:3159: $? = 0
configure:3178: result: yes
configure:3185: checking whether we are cross compiling
configure:3187: result: no
configure:3190: checking for suffix of executables
configure:3197: gcc -o conftest    conftest.c  >&5
configure:3201: $? = 0
configure:3227: result: 
configure:3233: checking for suffix of object files
configure:3259: gcc -c   conftest.c >&5
configure:3263: $? = 0
configure:3288: result: o
configure:3292: checking whether we are using the GNU C compiler
configure:3321: gcc -c   conftest.c >&5
configure:3328: $? = 0
configure:3345: result: yes
configure:3354: checking whether gcc accepts -g
configure:3384: gcc -c -g  conftest.c >&5
configure:3391: $? = 0
configure:3492: result: yes
configure:3509: checking for gcc option to accept ISO C89
configure:3583: gcc  -c -g -O2  conftest.c >&5
configure:3590: $? = 0
configure:3613: result: none needed
configure:3633: checking dependency style of gcc
configure:3743: result: gcc3
configure:3759: checking for library containing strerror
configure:3800: gcc -o conftest -g -O2   conftest.c  >&5
configure:3807: $? = 0
configure:3838: result: none required
configure:3894: checking for gcc
configure:3921: result: gcc
configure:4153: checking for C compiler version
configure:4161: gcc --version >&5
gcc (Ubuntu 4.4.3-4ubuntu5) 4.4.3
Copyright (C) 2009 Free Software Foundation, Inc.
This is free software; see the source for copying conditions.  There is NO
warranty; not even for MERCHANTABILITY or FITNESS FOR A PARTICULAR PURPOSE.

configure:4165: $? = 0
configure:4172: gcc -v >&5
Using built-in specs.
Target: i486-linux-gnu
Configured with: ../src/configure -v --with-pkgversion='Ubuntu 4.4.3-4ubuntu5' --with-bugurl=file:///usr/share/doc/gcc-4.4/README.Bugs --enable-languages=c,c++,fortran,objc,obj-c++ --prefix=/usr --enable-shared --enable-multiarch --enable-linker-build-id --with-system-zlib --libexecdir=/usr/lib --without-included-gettext --enable-threads=posix --with-gxx-include-dir=/usr/include/c++/4.4 --program-suffix=-4.4 --enable-nls --enable-clocale=gnu --enable-libstdcxx-debug --enable-plugin --enable-objc-gc --enable-targets=all --disable-werror --with-arch-32=i486 --with-tune=generic --enable-checking=release --build=i486-linux-gnu --host=i486-linux-gnu --target=i486-linux-gnu
Thread model: posix
gcc version 4.4.3 (Ubuntu 4.4.3-4ubuntu5) 
configure:4176: $? = 0
configure:4183: gcc -V >&5
gcc: '-V' option must have argument
configure:4187: $? = 1
configure:4190: checking whether we are using the GNU C compiler
configure:4243: result: yes
configure:4252: checking whether gcc accepts -g
configure:4390: result: yes
configure:4407: checking for gcc option to accept ISO C89
configure:4511: result: none needed
configure:4531: checking dependency style of gcc
configure:4641: result: gcc3
configure:4704: checking for gcc
configure:4731: result: gcc
configure:4963: checking for C compiler version
configure:4971: gcc --version >&5
gcc (Ubuntu 4.4.3-4ubuntu5) 4.4.3
Copyright (C) 2009 Free Software Foundation, Inc.
This is free software; see the source for copying conditions.  There is NO
warranty; not even for MERCHANTABILITY or FITNESS FOR A PARTICULAR PURPOSE.

configure:4975: $? = 0
configure:4982: gcc -v >&5
Using built-in specs.
Target: i486-linux-gnu
Configured with: ../src/configure -v --with-pkgversion='Ubuntu 4.4.3-4ubuntu5' --with-bugurl=file:///usr/share/doc/gcc-4.4/README.Bugs --enable-languages=c,c++,fortran,objc,obj-c++ --prefix=/usr --enable-shared --enable-multiarch --enable-linker-build-id --with-system-zlib --libexecdir=/usr/lib --without-included-gettext --enable-threads=posix --with-gxx-include-dir=/usr/include/c++/4.4 --program-suffix=-4.4 --enable-nls --enable-clocale=gnu --enable-libstdcxx-debug --enable-plugin --enable-objc-gc --enable-targets=all --disable-werror --with-arch-32=i486 --with-tune=generic --enable-checking=release --build=i486-linux-gnu --host=i486-linux-gnu --target=i486-linux-gnu
Thread model: posix
gcc version 4.4.3 (Ubuntu 4.4.3-4ubuntu5) 
configure:4986: $? = 0
configure:4993: gcc -V >&5
gcc: '-V' option must have argument
configure:4997: $? = 1
configure:5000: checking whether we are using the GNU C compiler
configure:5053: result: yes
configure:5062: checking whether gcc accepts -g
configure:5200: result: yes
configure:5217: checking for gcc option to accept ISO C89
configure:5321: result: none needed
configure:5341: checking dependency style of gcc
configure:5451: result: gcc3
configure:5476: checking how to run the C preprocessor
configure:5516: gcc -E  conftest.c
configure:5523: $? = 0
configure:5554: gcc -E  conftest.c
conftest.c:10:28: error: ac_nonexistent.h: No such file or directory
configure:5561: $? = 1
configure: failed program was:
| /* confdefs.h.  */
| #define PACKAGE_NAME "gnutrition"
| #define PACKAGE_TARNAME "gnutrition"
| #define PACKAGE_VERSION "0.4"
| #define PACKAGE_STRING "gnutrition 0.4"
| #define PACKAGE_BUGREPORT ""
| #define PACKAGE "gnutrition"
| #define VERSION "0.4"
| /* end confdefs.h.  */
| #include <ac_nonexistent.h>
configure:5594: result: gcc -E
configure:5623: gcc -E  conftest.c
configure:5630: $? = 0
configure:5661: gcc -E  conftest.c
conftest.c:10:28: error: ac_nonexistent.h: No such file or directory
configure:5668: $? = 1
configure: failed program was:
| /* confdefs.h.  */
| #define PACKAGE_NAME "gnutrition"
| #define PACKAGE_TARNAME "gnutrition"
| #define PACKAGE_VERSION "0.4"
| #define PACKAGE_STRING "gnutrition 0.4"
| #define PACKAGE_BUGREPORT ""
| #define PACKAGE "gnutrition"
| #define VERSION "0.4"
| /* end confdefs.h.  */
| #include <ac_nonexistent.h>
configure:5708: checking for grep that handles long lines and -e
configure:5768: result: /bin/grep
configure:5773: checking for egrep
configure:5837: result: /bin/grep -E
configure:5842: checking for ANSI C header files
configure:5872: gcc -c -g -O2  conftest.c >&5
configure:5879: $? = 0
configure:5978: gcc -o conftest -g -O2   conftest.c  >&5
configure:5982: $? = 0
configure:5988: ./conftest
configure:5992: $? = 0
configure:6010: result: yes
configure:6037: checking for library containing pthread_create
configure:6078: gcc -o conftest -g -O2   conftest.c  >&5
/tmp/cc0SFZQu.o: In function `main':
/home/terah/bazaar/gnutrition/conftest.c:22: undefined reference to `pthread_create'
collect2: ld returned 1 exit status
configure:6085: $? = 1
configure: failed program was:
| /* confdefs.h.  */
| #define PACKAGE_NAME "gnutrition"
| #define PACKAGE_TARNAME "gnutrition"
| #define PACKAGE_VERSION "0.4"
| #define PACKAGE_STRING "gnutrition 0.4"
| #define PACKAGE_BUGREPORT ""
| #define PACKAGE "gnutrition"
| #define VERSION "0.4"
| #define STDC_HEADERS 1
| /* end confdefs.h.  */
| 
| /* Override any GCC internal prototype to avoid an error.
|    Use char because int might match the return type of a GCC
|    builtin and then its argument prototype would still apply.  */
| #ifdef __cplusplus
| extern "C"
| #endif
| char pthread_create ();
| int
| main ()
| {
| return pthread_create ();
|   ;
|   return 0;
| }
configure:6078: gcc -o conftest -g -O2   conftest.c -lpthread   >&5
configure:6085: $? = 0
configure:6116: result: -lpthread
configure:6148: checking for sys/types.h
configure:6169: gcc -c -g -O2  conftest.c >&5
configure:6176: $? = 0
configure:6193: result: yes
configure:6148: checking for sys/stat.h
configure:6169: gcc -c -g -O2  conftest.c >&5
configure:6176: $? = 0
configure:6193: result: yes
configure:6148: checking for stdlib.h
configure:6169: gcc -c -g -O2  conftest.c >&5
configure:6176: $? = 0
configure:6193: result: yes
configure:6148: checking for string.h
configure:6169: gcc -c -g -O2  conftest.c >&5
configure:6176: $? = 0
configure:6193: result: yes
configure:6148: checking for memory.h
configure:6169: gcc -c -g -O2  conftest.c >&5
configure:6176: $? = 0
configure:6193: result: yes
configure:6148: checking for strings.h
configure:6169: gcc -c -g -O2  conftest.c >&5
configure:6176: $? = 0
configure:6193: result: yes
configure:6148: checking for inttypes.h
configure:6169: gcc -c -g -O2  conftest.c >&5
configure:6176: $? = 0
configure:6193: result: yes
configure:6148: checking for stdint.h
configure:6169: gcc -c -g -O2  conftest.c >&5
configure:6176: $? = 0
configure:6193: result: yes
configure:6148: checking for unistd.h
configure:6169: gcc -c -g -O2  conftest.c >&5
configure:6176: $? = 0
configure:6193: result: yes
configure:6224: checking locale.h usability
configure:6241: gcc -c -g -O2  conftest.c >&5
configure:6248: $? = 0
configure:6262: result: yes
configure:6266: checking locale.h presence
configure:6281: gcc -E  conftest.c
configure:6288: $? = 0
configure:6302: result: yes
configure:6330: checking for locale.h
configure:6339: result: yes
configure:6355: checking for LC_MESSAGES
configure:6381: gcc -o conftest -g -O2   conftest.c -lpthread  >&5
configure:6388: $? = 0
configure:6408: result: yes
configure:6437: checking libintl.h usability
configure:6454: gcc -c -g -O2  conftest.c >&5
configure:6461: $? = 0
configure:6475: result: yes
configure:6479: checking libintl.h presence
configure:6494: gcc -E  conftest.c
configure:6501: $? = 0
configure:6515: result: yes
configure:6543: checking for libintl.h
configure:6550: result: yes
configure:6561: checking for ngettext in libc
configure:6589: gcc -o conftest -g -O2   conftest.c -lpthread  >&5
configure:6596: $? = 0
configure:6617: result: yes
configure:6621: checking for dgettext in libc
configure:6649: gcc -o conftest -g -O2   conftest.c -lpthread  >&5
configure:6656: $? = 0
configure:6677: result: yes
configure:6686: checking for bind_textdomain_codeset
configure:6742: gcc -o conftest -g -O2   conftest.c -lpthread  >&5
configure:6749: $? = 0
configure:6771: result: yes
configure:7287: checking for msgfmt
configure:7314: result: /usr/bin/msgfmt
configure:7327: checking for dcgettext
configure:7383: gcc -o conftest -g -O2   conftest.c -lpthread   >&5
conftest.c:48: warning: conflicting types for built-in function 'dcgettext'
configure:7390: $? = 0
configure:7412: result: yes
configure:7425: checking if msgfmt accepts -c
configure:7440: $MSGFMT -c -o /dev/null conftest.foo
configure:7443: $? = 0
configure:7445: result: yes
configure:7455: checking for gmsgfmt
configure:7486: result: /usr/bin/msgfmt
configure:7496: checking for xgettext
configure:7523: result: /usr/bin/xgettext
configure:7552: gcc -o conftest -g -O2   conftest.c -lpthread   >&5
configure:7559: $? = 0
configure:7793: checking whether NLS is requested
configure:7802: result: yes
configure:7819: checking for intltool >= 0.35.0
configure:7826: result: 0.41.0 found
configure:7836: checking for intltool-update
configure:7854: found /usr/bin/intltool-update
configure:7866: result: /usr/bin/intltool-update
configure:7876: checking for intltool-merge
configure:7894: found /usr/bin/intltool-merge
configure:7906: result: /usr/bin/intltool-merge
configure:7916: checking for intltool-extract
configure:7934: found /usr/bin/intltool-extract
configure:7946: result: /usr/bin/intltool-extract
configure:8079: checking for xgettext
configure:8109: result: /usr/bin/xgettext
configure:8119: checking for msgmerge
configure:8137: found /usr/bin/msgmerge
configure:8149: result: /usr/bin/msgmerge
configure:8159: checking for msgfmt
configure:8189: result: /usr/bin/msgfmt
configure:8199: checking for gmsgfmt
configure:8230: result: /usr/bin/msgfmt
configure:8254: checking for perl
configure:8272: found /usr/bin/perl
configure:8284: result: /usr/bin/perl
configure:8297: checking for perl >= 5.8.1
configure:8306: result: 5.10.1
configure:8310: checking for XML::Parser
configure:8313: result: ok
configure:8513: checking build system type
configure:8531: result: i686-pc-linux-gnu
configure:8553: checking host system type
configure:8568: result: i686-pc-linux-gnu
configure:8590: checking for a sed that does not truncate output
configure:8656: result: /bin/sed
configure:8674: checking for fgrep
configure:8738: result: /bin/grep -F
configure:8773: checking for ld used by gcc
configure:8840: result: /usr/bin/ld
configure:8849: checking if the linker (/usr/bin/ld) is GNU ld
configure:8864: result: yes
configure:8876: checking for BSD- or MS-compatible name lister (nm)
configure:8925: result: /usr/bin/nm -B
configure:9043: checking the name lister (/usr/bin/nm -B) interface
configure:9050: gcc -c -g -O2  conftest.c >&5
configure:9053: /usr/bin/nm -B "conftest.o"
configure:9056: output
00000000 B some_variable
configure:9063: result: BSD nm
configure:9066: checking whether ln -s works
configure:9070: result: yes
configure:9078: checking the maximum length of command line arguments
configure:9198: result: 1572864
configure:9215: checking whether the shell understands some XSI constructs
configure:9225: result: yes
configure:9229: checking whether the shell understands "+="
configure:9235: result: yes
configure:9270: checking for /usr/bin/ld option to reload object files
configure:9277: result: -r
configure:9346: checking for objdump
configure:9362: found /usr/bin/objdump
configure:9373: result: objdump
configure:9405: checking how to recognize dependent libraries
configure:9601: result: pass_all
configure:9661: checking for ar
configure:9677: found /usr/bin/ar
configure:9688: result: ar
configure:9766: checking for strip
configure:9782: found /usr/bin/strip
configure:9793: result: strip
configure:9865: checking for ranlib
configure:9881: found /usr/bin/ranlib
configure:9892: result: ranlib
configure:9982: checking command to parse /usr/bin/nm -B output from gcc object
configure:10100: gcc -c -g -O2  conftest.c >&5
configure:10103: $? = 0
configure:10107: /usr/bin/nm -B conftest.o \| sed -n -e 's/^.*[	 ]\([ABCDGIRSTW][ABCDGIRSTW]*\)[	 ][	 ]*\([_A-Za-z][_A-Za-z0-9]*\)$/\1 \2 \2/p' \> conftest.nm
configure:10110: $? = 0
configure:10164: gcc -o conftest -g -O2   conftest.c conftstm.o >&5
configure:10167: $? = 0
configure:10205: result: ok
configure:11070: checking for dlfcn.h
configure:11091: gcc -c -g -O2  conftest.c >&5
configure:11098: $? = 0
configure:11115: result: yes
configure:11301: checking for objdir
configure:11316: result: .libs
configure:11608: checking if gcc supports -fno-rtti -fno-exceptions
configure:11626: gcc -c -g -O2  -fno-rtti -fno-exceptions conftest.c >&5
cc1: warning: command line option "-fno-rtti" is valid for C++/ObjC++ but not for C
configure:11630: $? = 0
configure:11643: result: no
configure:11663: checking for gcc option to produce PIC
configure:11935: result: -fPIC -DPIC
configure:11947: checking if gcc PIC flag -fPIC -DPIC works
configure:11965: gcc -c -g -O2  -fPIC -DPIC -DPIC conftest.c >&5
configure:11969: $? = 0
configure:11982: result: yes
configure:12006: checking if gcc static flag -static works
configure:12034: result: yes
configure:12049: checking if gcc supports -c -o file.o
configure:12070: gcc -c -g -O2  -o out/conftest2.o conftest.c >&5
configure:12074: $? = 0
configure:12096: result: yes
configure:12104: checking if gcc supports -c -o file.o
configure:12151: result: yes
configure:12184: checking whether the gcc linker (/usr/bin/ld) supports shared libraries
configure:13258: result: yes
configure:13295: checking whether -lc should be explicitly linked in
configure:13300: gcc -c -g -O2  conftest.c >&5
configure:13303: $? = 0
configure:13318: gcc -shared conftest.o  -v -Wl,-soname -Wl,conftest -o conftest 2\>\&1 \| /bin/grep  -lc  \>/dev/null 2\>\&1
configure:13321: $? = 0
configure:13333: result: no
configure:13497: checking dynamic linker characteristics
configure:13940: gcc -o conftest -g -O2   -Wl,-rpath -Wl,/foo conftest.c -lpthread  >&5
configure:13947: $? = 0
configure:14183: result: GNU/Linux ld.so
configure:14285: checking how to hardcode library paths into programs
configure:14310: result: immediate
configure:15143: checking whether stripping libraries is possible
configure:15148: result: yes
configure:15183: checking if libtool supports shared libraries
configure:15185: result: yes
configure:15188: checking whether to build shared libraries
configure:15209: result: yes
configure:15212: checking whether to build static libraries
configure:15216: result: yes
configure:15303: checking for pkg-config
configure:15321: found /usr/bin/pkg-config
configure:15333: result: /usr/bin/pkg-config
configure:15358: checking pkg-config is at least version 0.9.0
configure:15361: result: yes
configure:15372: checking for GNUTRITION
configure:15379: $PKG_CONFIG --exists --print-errors "gtk+-2.0 >= 2.12    "
configure:15382: $? = 0
configure:15395: $PKG_CONFIG --exists --print-errors "gtk+-2.0 >= 2.12    "
configure:15398: $? = 0
configure:15475: result: yes
configure:15485: checking for sqlite3
configure:15492: $PKG_CONFIG --exists --print-errors "pthread-stubs"
configure:15495: $? = 0
configure:15508: $PKG_CONFIG --exists --print-errors "pthread-stubs"
configure:15511: $? = 0
configure:15588: result: yes
configure:15743: creating ./config.status

## ---------------------- ##
## Running config.status. ##
## ---------------------- ##

This file was extended by gnutrition config.status 0.4, which was
generated by GNU Autoconf 2.63.  Invocation command line was

  CONFIG_FILES    = 
  CONFIG_HEADERS  = 
  CONFIG_LINKS    = 
  CONFIG_COMMANDS = 
  $ ./config.status 

on TK-laptop

config.status:1067: creating sqlite3.pc
config.status:1067: creating Makefile
config.status:1067: creating src/Makefile
config.status:1067: creating po/Makefile.in
config.status:1067: creating config.h
config.status:1289: config.h is unchanged
config.status:1341: executing depfiles commands
config.status:1341: executing default-1 commands
config.status:1341: executing libtool commands
config.status:1341: executing po/stamp-it commands

## ---------------- ##
## Cache variables. ##
## ---------------- ##

ac_cv_build=i686-pc-linux-gnu
ac_cv_c_compiler_gnu=yes
ac_cv_env_CC_set=
ac_cv_env_CC_value=
ac_cv_env_CFLAGS_set=
ac_cv_env_CFLAGS_value=
ac_cv_env_CPPFLAGS_set=
ac_cv_env_CPPFLAGS_value=
ac_cv_env_CPP_set=
ac_cv_env_CPP_value=
ac_cv_env_GNUTRITION_CFLAGS_set=
ac_cv_env_GNUTRITION_CFLAGS_value=
ac_cv_env_GNUTRITION_LIBS_set=
ac_cv_env_GNUTRITION_LIBS_value=
ac_cv_env_LDFLAGS_set=
ac_cv_env_LDFLAGS_value=
ac_cv_env_LIBS_set=
ac_cv_env_LIBS_value=
ac_cv_env_PKG_CONFIG_set=
ac_cv_env_PKG_CONFIG_value=
ac_cv_env_build_alias_set=
ac_cv_env_build_alias_value=
ac_cv_env_host_alias_set=
ac_cv_env_host_alias_value=
ac_cv_env_sqlite3_CFLAGS_set=
ac_cv_env_sqlite3_CFLAGS_value=
ac_cv_env_sqlite3_LIBS_set=
ac_cv_env_sqlite3_LIBS_value=
ac_cv_env_target_alias_set=
ac_cv_env_target_alias_value=
ac_cv_func_bind_textdomain_codeset=yes
ac_cv_func_dcgettext=yes
ac_cv_header_dlfcn_h=yes
ac_cv_header_inttypes_h=yes
ac_cv_header_libintl_h=yes
ac_cv_header_locale_h=yes
ac_cv_header_memory_h=yes
ac_cv_header_stdc=yes
ac_cv_header_stdint_h=yes
ac_cv_header_stdlib_h=yes
ac_cv_header_string_h=yes
ac_cv_header_strings_h=yes
ac_cv_header_sys_stat_h=yes
ac_cv_header_sys_types_h=yes
ac_cv_header_unistd_h=yes
ac_cv_host=i686-pc-linux-gnu
ac_cv_objext=o
ac_cv_path_EGREP='/bin/grep -E'
ac_cv_path_FGREP='/bin/grep -F'
ac_cv_path_GMSGFMT=/usr/bin/msgfmt
ac_cv_path_GREP=/bin/grep
ac_cv_path_INTLTOOL_EXTRACT=/usr/bin/intltool-extract
ac_cv_path_INTLTOOL_MERGE=/usr/bin/intltool-merge
ac_cv_path_INTLTOOL_PERL=/usr/bin/perl
ac_cv_path_INTLTOOL_UPDATE=/usr/bin/intltool-update
ac_cv_path_MSGFMT=/usr/bin/msgfmt
ac_cv_path_MSGMERGE=/usr/bin/msgmerge
ac_cv_path_SED=/bin/sed
ac_cv_path_XGETTEXT=/usr/bin/xgettext
ac_cv_path_ac_pt_PKG_CONFIG=/usr/bin/pkg-config
ac_cv_path_install='/usr/bin/install -c'
ac_cv_path_mkdir=/bin/mkdir
ac_cv_prog_AWK=gawk
ac_cv_prog_CPP='gcc -E'
ac_cv_prog_ac_ct_AR=ar
ac_cv_prog_ac_ct_CC=gcc
ac_cv_prog_ac_ct_OBJDUMP=objdump
ac_cv_prog_ac_ct_RANLIB=ranlib
ac_cv_prog_ac_ct_STRIP=strip
ac_cv_prog_cc_c89=
ac_cv_prog_cc_g=yes
ac_cv_prog_make_make_set=yes
ac_cv_search_pthread_create=-lpthread
ac_cv_search_strerror='none required'
am_cv_CC_dependencies_compiler_type=gcc3
am_cv_prog_cc_stdc=
am_cv_val_LC_MESSAGES=yes
gt_cv_func_dgettext_libc=yes
gt_cv_func_dgettext_libintl=no
gt_cv_func_ngettext_libc=yes
gt_cv_have_gettext=yes
lt_cv_deplibs_check_method=pass_all
lt_cv_file_magic_cmd='$MAGIC_CMD'
lt_cv_file_magic_test_file=
lt_cv_ld_reload_flag=-r
lt_cv_nm_interface='BSD nm'
lt_cv_objdir=.libs
lt_cv_path_LD=/usr/bin/ld
lt_cv_path_NM='/usr/bin/nm -B'
lt_cv_prog_compiler_c_o=yes
lt_cv_prog_compiler_pic_works=yes
lt_cv_prog_compiler_rtti_exceptions=no
lt_cv_prog_compiler_static_works=yes
lt_cv_prog_gnu_ld=yes
lt_cv_sys_global_symbol_pipe='sed -n -e '\''s/^.*[	 ]\([ABCDGIRSTW][ABCDGIRSTW]*\)[	 ][	 ]*\([_A-Za-z][_A-Za-z0-9]*\)$/\1 \2 \2/p'\'''
lt_cv_sys_global_symbol_to_c_name_address='sed -n -e '\''s/^: \([^ ]*\) $/  {\"\1\", (void *) 0},/p'\'' -e '\''s/^[ABCDGIRSTW]* \([^ ]*\) \([^ ]*\)$/  {"\2", (void *) \&\2},/p'\'''
lt_cv_sys_global_symbol_to_c_name_address_lib_prefix='sed -n -e '\''s/^: \([^ ]*\) $/  {\"\1\", (void *) 0},/p'\'' -e '\''s/^[ABCDGIRSTW]* \([^ ]*\) \(lib[^ ]*\)$/  {"\2", (void *) \&\2},/p'\'' -e '\''s/^[ABCDGIRSTW]* \([^ ]*\) \([^ ]*\)$/  {"lib\2", (void *) \&\2},/p'\'''
lt_cv_sys_global_symbol_to_cdecl='sed -n -e '\''s/^T .* \(.*\)$/extern int \1();/p'\'' -e '\''s/^[ABCDGIRSTW]* .* \(.*\)$/extern char \1;/p'\'''
lt_cv_sys_max_cmd_len=1572864
pkg_cv_GNUTRITION_CFLAGS='-pthread -D_REENTRANT -I/usr/include/gtk-2.0 -I/usr/lib/gtk-2.0/include -I/usr/include/atk-1.0 -I/usr/include/cairo -I/usr/include/pango-1.0 -I/usr/include/gio-unix-2.0/ -I/usr/include/glib-2.0 -I/usr/lib/glib-2.0/include -I/usr/include/pixman-1 -I/usr/include/freetype2 -I/usr/include/directfb -I/usr/include/libpng12  '
pkg_cv_GNUTRITION_LIBS='-pthread -lgtk-x11-2.0 -lgdk-x11-2.0 -latk-1.0 -lgio-2.0 -lpangoft2-1.0 -lgdk_pixbuf-2.0 -lm -lpangocairo-1.0 -lcairo -lpango-1.0 -lfreetype -lfontconfig -lgobject-2.0 -lgmodule-2.0 -lgthread-2.0 -lrt -lglib-2.0  '
pkg_cv_sqlite3_CFLAGS=' '
pkg_cv_sqlite3_LIBS=' '

## ----------------- ##
## Output variables. ##
## ----------------- ##

ACLOCAL='aclocal-1.11'
ALL_LINGUAS=''
AMDEPBACKSLASH='\'
AMDEP_FALSE='#'
AMDEP_TRUE=''
AMTAR='tar'
AR='ar'
AUTOCONF='autoconf'
AUTOHEADER='autoheader'
AUTOMAKE='automake-1.11'
AWK='gawk'
CATALOGS=''
CATOBJEXT='.gmo'
CC='gcc'
CCDEPMODE='depmode=gcc3'
CFLAGS='-g -O2'
CPP='gcc -E'
CPPFLAGS=''
CYGPATH_W='echo'
DATADIRNAME='share'
DEFS='-DHAVE_CONFIG_H'
DEPDIR='.deps'
DSYMUTIL=''
DUMPBIN=''
ECHO_C=''
ECHO_N='-n'
ECHO_T=''
EGREP='/bin/grep -E'
EXEEXT=''
FGREP='/bin/grep -F'
GETTEXT_PACKAGE='gnutrition'
GMOFILES=''
GMSGFMT='/usr/bin/msgfmt'
GNUTRITION_CFLAGS='-pthread -D_REENTRANT -I/usr/include/gtk-2.0 -I/usr/lib/gtk-2.0/include -I/usr/include/atk-1.0 -I/usr/include/cairo -I/usr/include/pango-1.0 -I/usr/include/gio-unix-2.0/ -I/usr/include/glib-2.0 -I/usr/lib/glib-2.0/include -I/usr/include/pixman-1 -I/usr/include/freetype2 -I/usr/include/directfb -I/usr/include/libpng12  '
GNUTRITION_LIBS='-pthread -lgtk-x11-2.0 -lgdk-x11-2.0 -latk-1.0 -lgio-2.0 -lpangoft2-1.0 -lgdk_pixbuf-2.0 -lm -lpangocairo-1.0 -lcairo -lpango-1.0 -lfreetype -lfontconfig -lgobject-2.0 -lgmodule-2.0 -lgthread-2.0 -lrt -lglib-2.0  '
GREP='/bin/grep'
INSTALL_DATA='${INSTALL} -m 644'
INSTALL_PROGRAM='${INSTALL}'
INSTALL_SCRIPT='${INSTALL}'
INSTALL_STRIP_PROGRAM='$(install_sh) -c -s'
INSTOBJEXT='.mo'
INTLLIBS=''
INTLTOOL_CAVES_RULE='%.caves:     %.caves.in     $(INTLTOOL_MERGE) $(wildcard $(top_srcdir)/po/*.po) ; LC_ALL=C $(INTLTOOL_MERGE) -d -u -c $(top_builddir)/po/.intltool-merge-cache $(top_srcdir)/po $< $@'
INTLTOOL_DESKTOP_RULE='%.desktop:   %.desktop.in   $(INTLTOOL_MERGE) $(wildcard $(top_srcdir)/po/*.po) ; LC_ALL=C $(INTLTOOL_MERGE) -d -u -c $(top_builddir)/po/.intltool-merge-cache $(top_srcdir)/po $< $@'
INTLTOOL_DIRECTORY_RULE='%.directory: %.directory.in $(INTLTOOL_MERGE) $(wildcard $(top_srcdir)/po/*.po) ; LC_ALL=C $(INTLTOOL_MERGE) -d -u -c $(top_builddir)/po/.intltool-merge-cache $(top_srcdir)/po $< $@'
INTLTOOL_EXTRACT='/usr/bin/intltool-extract'
INTLTOOL_KBD_RULE='%.kbd:       %.kbd.in       $(INTLTOOL_MERGE) $(wildcard $(top_srcdir)/po/*.po) ; LC_ALL=C $(INTLTOOL_MERGE) -x -u -m -c $(top_builddir)/po/.intltool-merge-cache $(top_srcdir)/po $< $@'
INTLTOOL_KEYS_RULE='%.keys:      %.keys.in      $(INTLTOOL_MERGE) $(wildcard $(top_srcdir)/po/*.po) ; LC_ALL=C $(INTLTOOL_MERGE) -k -u -c $(top_builddir)/po/.intltool-merge-cache $(top_srcdir)/po $< $@'
INTLTOOL_MERGE='/usr/bin/intltool-merge'
INTLTOOL_OAF_RULE='%.oaf:       %.oaf.in       $(INTLTOOL_MERGE) $(wildcard $(top_srcdir)/po/*.po) ; LC_ALL=C $(INTLTOOL_MERGE) -o -p $(top_srcdir)/po $< $@'
INTLTOOL_PERL='/usr/bin/perl'
INTLTOOL_POLICY_RULE='%.policy:    %.policy.in    $(INTLTOOL_MERGE) $(wildcard $(top_srcdir)/po/*.po) ; LC_ALL=C $(INTLTOOL_MERGE) -x -u -c $(top_builddir)/po/.intltool-merge-cache $(top_srcdir)/po $< $@'
INTLTOOL_PONG_RULE='%.pong:      %.pong.in      $(INTLTOOL_MERGE) $(wildcard $(top_srcdir)/po/*.po) ; LC_ALL=C $(INTLTOOL_MERGE) -x -u -c $(top_builddir)/po/.intltool-merge-cache $(top_srcdir)/po $< $@'
INTLTOOL_PROP_RULE='%.prop:      %.prop.in      $(INTLTOOL_MERGE) $(wildcard $(top_srcdir)/po/*.po) ; LC_ALL=C $(INTLTOOL_MERGE) -d -u -c $(top_builddir)/po/.intltool-merge-cache $(top_srcdir)/po $< $@'
INTLTOOL_SCHEMAS_RULE='%.schemas:   %.schemas.in   $(INTLTOOL_MERGE) $(wildcard $(top_srcdir)/po/*.po) ; LC_ALL=C $(INTLTOOL_MERGE) -s -u -c $(top_builddir)/po/.intltool-merge-cache $(top_srcdir)/po $< $@'
INTLTOOL_SERVER_RULE='%.server:    %.server.in    $(INTLTOOL_MERGE) $(wildcard $(top_srcdir)/po/*.po) ; LC_ALL=C $(INTLTOOL_MERGE) -o -u -c $(top_builddir)/po/.intltool-merge-cache $(top_srcdir)/po $< $@'
INTLTOOL_SERVICE_RULE='%.service: %.service.in   $(INTLTOOL_MERGE) $(wildcard $(top_srcdir)/po/*.po) ; LC_ALL=C $(INTLTOOL_MERGE) -d -u -c $(top_builddir)/po/.intltool-merge-cache $(top_srcdir)/po $< $@'
INTLTOOL_SHEET_RULE='%.sheet:     %.sheet.in     $(INTLTOOL_MERGE) $(wildcard $(top_srcdir)/po/*.po) ; LC_ALL=C $(INTLTOOL_MERGE) -x -u -c $(top_builddir)/po/.intltool-merge-cache $(top_srcdir)/po $< $@'
INTLTOOL_SOUNDLIST_RULE='%.soundlist: %.soundlist.in $(INTLTOOL_MERGE) $(wildcard $(top_srcdir)/po/*.po) ; LC_ALL=C $(INTLTOOL_MERGE) -d -u -c $(top_builddir)/po/.intltool-merge-cache $(top_srcdir)/po $< $@'
INTLTOOL_THEME_RULE='%.theme:     %.theme.in     $(INTLTOOL_MERGE) $(wildcard $(top_srcdir)/po/*.po) ; LC_ALL=C $(INTLTOOL_MERGE) -d -u -c $(top_builddir)/po/.intltool-merge-cache $(top_srcdir)/po $< $@'
INTLTOOL_UI_RULE='%.ui:        %.ui.in        $(INTLTOOL_MERGE) $(wildcard $(top_srcdir)/po/*.po) ; LC_ALL=C $(INTLTOOL_MERGE) -x -u -c $(top_builddir)/po/.intltool-merge-cache $(top_srcdir)/po $< $@'
INTLTOOL_UPDATE='/usr/bin/intltool-update'
INTLTOOL_XAM_RULE='%.xam:       %.xml.in       $(INTLTOOL_MERGE) $(wildcard $(top_srcdir)/po/*.po) ; LC_ALL=C $(INTLTOOL_MERGE) -x -u -c $(top_builddir)/po/.intltool-merge-cache $(top_srcdir)/po $< $@'
INTLTOOL_XML_NOMERGE_RULE='%.xml:       %.xml.in       $(INTLTOOL_MERGE) ; LC_ALL=C $(INTLTOOL_MERGE) -x -u /tmp $< $@'
INTLTOOL_XML_RULE='%.xml:       %.xml.in       $(INTLTOOL_MERGE) $(wildcard $(top_srcdir)/po/*.po) ; LC_ALL=C $(INTLTOOL_MERGE) -x -u -c $(top_builddir)/po/.intltool-merge-cache $(top_srcdir)/po $< $@'
LD='/usr/bin/ld'
LDFLAGS=''
LIBOBJS=''
LIBS='-lpthread '
LIBTOOL='$(SHELL) $(top_builddir)/libtool'
LIPO=''
LN_S='ln -s'
LTLIBOBJS=''
MAINT='#'
MAINTAINER_MODE_FALSE=''
MAINTAINER_MODE_TRUE='#'
MAKEINFO='makeinfo'
MKDIR_P='/bin/mkdir -p'
MKINSTALLDIRS='./mkinstalldirs'
MSGFMT='/usr/bin/msgfmt'
MSGFMT_OPTS='-c'
MSGMERGE='/usr/bin/msgmerge'
NM='/usr/bin/nm -B'
NMEDIT=''
OBJDUMP='objdump'
OBJEXT='o'
OTOOL64=''
OTOOL=''
PACKAGE='gnutrition'
PACKAGE_BUGREPORT=''
PACKAGE_NAME='gnutrition'
PACKAGE_STRING='gnutrition 0.4'
PACKAGE_TARNAME='gnutrition'
PACKAGE_VERSION='0.4'
PATH_SEPARATOR=':'
PKG_CONFIG='/usr/bin/pkg-config'
POFILES=''
POSUB='po'
PO_IN_DATADIR_FALSE=''
PO_IN_DATADIR_TRUE=''
RANLIB='ranlib'
SED='/bin/sed'
SET_MAKE=''
SHELL='/bin/bash'
STRIP='strip'
THREADSAFE_FLAGS='-DSQLITE_THREADSAFE=1'
USE_NLS='yes'
VERSION='0.4'
XGETTEXT='/usr/bin/xgettext'
ac_ct_CC='gcc'
ac_ct_DUMPBIN=''
am__EXEEXT_FALSE=''
am__EXEEXT_TRUE='#'
am__fastdepCC_FALSE='#'
am__fastdepCC_TRUE=''
am__include='include'
am__isrc=''
am__leading_dot='.'
am__quote=''
am__tar='${AMTAR} chof - "$$tardir"'
am__untar='${AMTAR} xf -'
bindir='${exec_prefix}/bin'
build='i686-pc-linux-gnu'
build_alias=''
build_cpu='i686'
build_os='linux-gnu'
build_vendor='pc'
datadir='${datarootdir}'
datarootdir='${prefix}/share'
docdir='${datarootdir}/doc/${PACKAGE_TARNAME}'
dvidir='${docdir}'
exec_prefix='${prefix}'
host='i686-pc-linux-gnu'
host_alias=''
host_cpu='i686'
host_os='linux-gnu'
host_vendor='pc'
htmldir='${docdir}'
includedir='${prefix}/include'
infodir='${datarootdir}/info'
install_sh='${SHELL} /home/terah/bazaar/gnutrition/install-sh'
libdir='${exec_prefix}/lib'
libexecdir='${exec_prefix}/libexec'
localedir='${datarootdir}/locale'
localstatedir='${prefix}/var'
lt_ECHO='echo'
mandir='${datarootdir}/man'
mkdir_p='/bin/mkdir -p'
oldincludedir='/usr/include'
pdfdir='${docdir}'
prefix='/usr/local'
program_transform_name='s,x,x,'
psdir='${docdir}'
sbindir='${exec_prefix}/sbin'
sharedstatedir='${prefix}/com'
sqlite3_CFLAGS=' '
sqlite3_LIBS=' '
sysconfdir='${prefix}/etc'
target_alias=''

## ----------- ##
## confdefs.h. ##
## ----------- ##

#define PACKAGE_NAME "gnutrition"
#define PACKAGE_TARNAME "gnutrition"
#define PACKAGE_VERSION "0.4"
#define PACKAGE_STRING "gnutrition 0.4"
#define PACKAGE_BUGREPORT ""
#define PACKAGE "gnutrition"
#define VERSION "0.4"
#define STDC_HEADERS 1
#define GETTEXT_PACKAGE "gnutrition"
#define HAVE_SYS_TYPES_H 1
#define HAVE_SYS_STAT_H 1
#define HAVE_STDLIB_H 1
#define HAVE_STRING_H 1
#define HAVE_MEMORY_H 1
#define HAVE_STRINGS_H 1
#define HAVE_INTTYPES_H 1
#define HAVE_STDINT_H 1
#define HAVE_UNISTD_H 1
#define HAVE_LOCALE_H 1
#define HAVE_LC_MESSAGES 1
#define HAVE_BIND_TEXTDOMAIN_CODESET 1
#define HAVE_GETTEXT 1
#define HAVE_DCGETTEXT 1
#define ENABLE_NLS 1
#define HAVE_DLFCN_H 1
#define LT_OBJDIR ".libs/"

configure: exit 0
